<?xml version="1.0" encoding="UTF-8"?>
<!-- Generated by org.testng.reporters.JUnitXMLReporter -->
<testsuite hostname="LALLI-PC" ignored="0" name="Test" tests="1" failures="0" timestamp="17 Aug 2018 16:01:01 GMT" time="0.04" errors="0">
  <testcase name="@BeforeSuite SetUp" time="0.025" classname="com.techm.base.TestBase">
    <failure type="java.lang.NullPointerException">
      <![CDATA[java.lang.NullPointerException
at java.util.Properties$LineReader.readLine(Properties.java:434)
at java.util.Properties.load0(Properties.java:353)
at java.util.Properties.load(Properties.java:341)
at com.techm.base.TestBase.SetUp(TestBase.java:39)
... Removed 20 stack frames]]>
    </failure>
  </testcase> <!-- @BeforeSuite SetUp -->
  <testcase name="LoginasBankmanager" time="0.0" classname="com.techm.testcases.LoginTest">
    <skipped/>
  </testcase> <!-- LoginasBankmanager -->
</testsuite> <!-- Test -->
