<?xml version="1.0" encoding="UTF-8"?>
<!-- Generated by org.testng.reporters.JUnitXMLReporter -->
<testsuite hostname="LALLI-PC" ignored="2" name="LoginTest" tests="1" failures="0" timestamp="17 Aug 2018 14:46:28 GMT" time="0.042" errors="0">
  <testcase name="@BeforeSuite SetUp" time="0.023" classname="com.techm.base.TestBase">
    <failure type="java.lang.NullPointerException">
      <![CDATA[java.lang.NullPointerException
at com.techm.base.TestBase.SetUp(TestBase.java:43)
... Removed 20 stack frames]]>
    </failure>
  </testcase> <!-- @BeforeSuite SetUp -->
  <testcase name="LoginasBankmanager" time="0.0" classname="com.techm.testcases.LoginTest">
    <skipped/>
  </testcase> <!-- LoginasBankmanager -->
  <testcase name="@AfterSuite TearDown" time="0.0" classname="com.techm.base.TestBase">
    <ignored/>
  </testcase> <!-- @AfterSuite TearDown -->
  <testcase name="@BeforeSuite SetUp" time="0.0" classname="com.techm.base.TestBase">
    <ignored/>
  </testcase> <!-- @BeforeSuite SetUp -->
</testsuite> <!-- LoginTest -->
